<?xml version="1.0" encoding="UTF-8"?>
<testng-results ignored="0" total="1" passed="1" failed="0" skipped="0">
  <reporter-output>
  </reporter-output>
  <suite started-at="2026-01-30T12:32:39 IST" name="Default suite" finished-at="2026-01-30T12:34:28 IST" duration-ms="108883">
    <groups>
    </groups>
    <test started-at="2026-01-30T12:32:39 IST" name="Default test" finished-at="2026-01-30T12:34:28 IST" duration-ms="108883">
      <class name="com.orhrm.tests.one">
        <test-method is-config="true" signature="setUp()[pri:0, instance:com.orhrm.tests.one@5aa9e4eb]" started-at="2026-01-30T12:32:39 IST" name="setUp" finished-at="2026-01-30T12:33:36 IST" duration-ms="57050" status="PASS">
          <reporter-output>
          </reporter-output>
        </test-method> <!-- setUp -->
        <test-method signature="searchEmployeeInPIM()[pri:0, instance:com.orhrm.tests.one@5aa9e4eb]" started-at="2026-01-30T12:33:36 IST" name="searchEmployeeInPIM" finished-at="2026-01-30T12:34:27 IST" duration-ms="50714" status="PASS">
          <reporter-output>
          </reporter-output>
        </test-method> <!-- searchEmployeeInPIM -->
        <test-method is-config="true" signature="tearDown()[pri:0, instance:com.orhrm.tests.one@5aa9e4eb]" started-at="2026-01-30T12:34:27 IST" name="tearDown" finished-at="2026-01-30T12:34:28 IST" duration-ms="989" status="PASS">
          <reporter-output>
          </reporter-output>
        </test-method> <!-- tearDown -->
      </class> <!-- com.orhrm.tests.one -->
    </test> <!-- Default test -->
  </suite> <!-- Default suite -->
</testng-results>
